<?xml version="1.0" encoding="UTF-8"?>
<testsuite name="repairer.AppTest" tests="1" skipped="0" failures="0" errors="0" timestamp="2021-04-18T20:25:58" hostname="SHADOW" time="0.082">
  <properties/>
  <testcase name="appHasAGreeting()" classname="repairer.AppTest" time="0.082"/>
  <system-out><![CDATA[]]></system-out>
  <system-err><![CDATA[]]></system-err>
</testsuite>
